<?xml version="1.0" encoding="UTF-8"?>
<!-- Generated by org.testng.reporters.JUnitXMLReporter -->
<testsuite ignored="0" hostname="Mysenses-MacBook-Pro.local" failures="0" tests="3" name="Default test" time="0.062" errors="0" timestamp="2023-01-23T16:23:40 IST">
  <testcase classname="TestNG_Listners.TestNG_listner_demo" name="test1" time="0.01"/>
  <testcase classname="TestNG_Listners.TestNG_listner_demo" name="test2" time="0.001"/>
  <testcase classname="TestNG_Listners.TestNG_listner_demo" name="test3" time="0.001"/>
</testsuite> <!-- Default test -->
