<?xml version="1.0" encoding="UTF-8"?>
<testng-results ignored="0" total="2" passed="2" failed="0" skipped="0">
  <reporter-output>
  </reporter-output>
  <suite started-at="2023-01-05T18:13:51 IST" name="Default suite" finished-at="2023-01-05T18:13:57 IST" duration-ms="6113">
    <groups>
    </groups>
    <test started-at="2023-01-05T18:13:51 IST" name="Default test" finished-at="2023-01-05T18:13:57 IST" duration-ms="6113">
      <class name="POM_NewPackage2.ExtentReportTestNG">
        <test-method is-config="true" signature="setUp()[pri:0, instance:POM_NewPackage2.ExtentReportTestNG@1ffaf86]" started-at="2023-01-05T18:13:47 IST" name="setUp" finished-at="2023-01-05T18:13:51 IST" duration-ms="3576" status="PASS">
          <reporter-output>
          </reporter-output>
        </test-method> <!-- setUp -->
        <test-method signature="test1()[pri:0, instance:POM_NewPackage2.ExtentReportTestNG@1ffaf86]" started-at="2023-01-05T18:13:51 IST" name="test1" finished-at="2023-01-05T18:13:53 IST" duration-ms="2335" status="PASS">
          <reporter-output>
          </reporter-output>
        </test-method> <!-- test1 -->
        <test-method signature="test2()[pri:0, instance:POM_NewPackage2.ExtentReportTestNG@1ffaf86]" started-at="2023-01-05T18:13:53 IST" name="test2" finished-at="2023-01-05T18:13:57 IST" duration-ms="3749" status="PASS">
          <reporter-output>
          </reporter-output>
        </test-method> <!-- test2 -->
        <test-method is-config="true" signature="tearDownTest()[pri:0, instance:POM_NewPackage2.ExtentReportTestNG@1ffaf86]" started-at="2023-01-05T18:13:57 IST" name="tearDownTest" finished-at="2023-01-05T18:13:57 IST" duration-ms="200" status="PASS">
          <reporter-output>
          </reporter-output>
        </test-method> <!-- tearDownTest -->
      </class> <!-- POM_NewPackage2.ExtentReportTestNG -->
    </test> <!-- Default test -->
  </suite> <!-- Default suite -->
</testng-results>
