<?xml version="1.0" encoding="UTF-8"?>
<testng-results ignored="0" total="1" passed="1" failed="0" skipped="0">
  <reporter-output>
  </reporter-output>
  <suite started-at="2023-01-12T10:53:19 IST" name="Default suite" finished-at="2023-01-12T10:53:37 IST" duration-ms="17447">
    <groups>
    </groups>
    <test started-at="2023-01-12T10:53:19 IST" name="Default test" finished-at="2023-01-12T10:53:37 IST" duration-ms="17447">
      <class name="POM_NewPackage2.GoogleSearchTestNG2">
        <test-method is-config="true" signature="setUpTest()[pri:0, instance:POM_NewPackage2.GoogleSearchTestNG2@38cee291]" started-at="2023-01-12T10:53:19 IST" name="setUpTest" finished-at="2023-01-12T10:53:24 IST" duration-ms="4208" status="PASS">
          <reporter-output>
          </reporter-output>
        </test-method> <!-- setUpTest -->
        <test-method signature="googleSearch()[pri:0, instance:POM_NewPackage2.GoogleSearchTestNG2@38cee291]" started-at="2023-01-12T10:53:24 IST" name="googleSearch" finished-at="2023-01-12T10:53:37 IST" duration-ms="12934" status="PASS">
          <reporter-output>
          </reporter-output>
        </test-method> <!-- googleSearch -->
        <test-method is-config="true" signature="tearDownTest()[pri:0, instance:POM_NewPackage2.GoogleSearchTestNG2@38cee291]" started-at="2023-01-12T10:53:37 IST" name="tearDownTest" finished-at="2023-01-12T10:53:37 IST" duration-ms="261" status="PASS">
          <reporter-output>
          </reporter-output>
        </test-method> <!-- tearDownTest -->
      </class> <!-- POM_NewPackage2.GoogleSearchTestNG2 -->
    </test> <!-- Default test -->
  </suite> <!-- Default suite -->
</testng-results>
